[0.134s] DEBUG:colcon:Command line arguments: ['/usr/bin/colcon', 'build']
[0.134s] DEBUG:colcon:Parsed command line arguments: Namespace(log_base=None, log_level=None, verb_name='build', build_base='build', install_base='install', merge_install=False, symlink_install=False, test_result_base=None, continue_on_error=False, executor='parallel', parallel_workers=8, event_handlers=None, ignore_user_meta=False, metas=['./colcon.meta'], base_paths=['.'], packages_ignore=None, packages_ignore_regex=None, paths=None, packages_up_to=None, packages_up_to_regex=None, packages_above=None, packages_above_and_dependencies=None, packages_above_depth=None, packages_select_by_dep=None, packages_skip_by_dep=None, packages_skip_up_to=None, packages_select_build_failed=False, packages_skip_build_finished=False, packages_select_test_failures=False, packages_skip_test_passed=False, packages_select=None, packages_skip=None, packages_select_regex=None, packages_skip_regex=None, packages_start=None, packages_end=None, allow_overriding=[], cmake_args=None, cmake_target=None, cmake_target_skip_unavailable=False, cmake_clean_cache=False, cmake_clean_first=False, cmake_force_configure=False, ament_cmake_args=None, catkin_cmake_args=None, catkin_skip_building_tests=False, verb_parser=<colcon_defaults.argument_parser.defaults.DefaultArgumentsDecorator object at 0x765d1227a4b0>, verb_extension=<colcon_core.verb.build.BuildVerb object at 0x765d12396ea0>, main=<bound method BuildVerb.main of <colcon_core.verb.build.BuildVerb object at 0x765d12396ea0>>)
[0.179s] Level 1:colcon.colcon_core.package_discovery:discover_packages(colcon_meta) check parameters
[0.179s] Level 1:colcon.colcon_core.package_discovery:discover_packages(recursive) check parameters
[0.180s] Level 1:colcon.colcon_core.package_discovery:discover_packages(ignore) check parameters
[0.180s] Level 1:colcon.colcon_core.package_discovery:discover_packages(path) check parameters
[0.180s] Level 1:colcon.colcon_core.package_discovery:discover_packages(colcon_meta) discover
[0.180s] Level 1:colcon.colcon_core.package_discovery:discover_packages(recursive) discover
[0.180s] INFO:colcon.colcon_core.package_discovery:Crawling recursively for packages in '/home/fly/fly'
[0.180s] Level 1:colcon.colcon_core.package_identification:_identify(.) by extensions ['ignore', 'ignore_ament_install']
[0.180s] Level 1:colcon.colcon_core.package_identification:_identify(.) by extension 'ignore'
[0.180s] Level 1:colcon.colcon_core.package_identification:_identify(.) by extension 'ignore_ament_install'
[0.180s] Level 1:colcon.colcon_core.package_identification:_identify(.) by extensions ['colcon_pkg']
[0.180s] Level 1:colcon.colcon_core.package_identification:_identify(.) by extension 'colcon_pkg'
[0.180s] Level 1:colcon.colcon_core.package_identification:_identify(.) by extensions ['colcon_meta']
[0.180s] Level 1:colcon.colcon_core.package_identification:_identify(.) by extension 'colcon_meta'
[0.180s] Level 1:colcon.colcon_core.package_identification:_identify(.) by extensions ['ros']
[0.180s] Level 1:colcon.colcon_core.package_identification:_identify(.) by extension 'ros'
[0.210s] Level 1:colcon.colcon_core.package_identification:_identify(.) by extensions ['cmake', 'python']
[0.210s] Level 1:colcon.colcon_core.package_identification:_identify(.) by extension 'cmake'
[0.210s] Level 1:colcon.colcon_core.package_identification:_identify(.) by extension 'python'
[0.210s] Level 1:colcon.colcon_core.package_identification:_identify(.) by extensions ['python_setup_py']
[0.210s] Level 1:colcon.colcon_core.package_identification:_identify(.) by extension 'python_setup_py'
[0.210s] Level 1:colcon.colcon_core.package_identification:_identify(build) by extensions ['ignore', 'ignore_ament_install']
[0.210s] Level 1:colcon.colcon_core.package_identification:_identify(build) by extension 'ignore'
[0.211s] Level 1:colcon.colcon_core.package_identification:_identify(build) ignored
[0.211s] Level 1:colcon.colcon_core.package_identification:_identify(install) by extensions ['ignore', 'ignore_ament_install']
[0.211s] Level 1:colcon.colcon_core.package_identification:_identify(install) by extension 'ignore'
[0.211s] Level 1:colcon.colcon_core.package_identification:_identify(install) ignored
[0.211s] Level 1:colcon.colcon_core.package_identification:_identify(log) by extensions ['ignore', 'ignore_ament_install']
[0.211s] Level 1:colcon.colcon_core.package_identification:_identify(log) by extension 'ignore'
[0.211s] Level 1:colcon.colcon_core.package_identification:_identify(log) ignored
[0.211s] Level 1:colcon.colcon_core.package_identification:_identify(src) by extensions ['ignore', 'ignore_ament_install']
[0.211s] Level 1:colcon.colcon_core.package_identification:_identify(src) by extension 'ignore'
[0.211s] Level 1:colcon.colcon_core.package_identification:_identify(src) by extension 'ignore_ament_install'
[0.211s] Level 1:colcon.colcon_core.package_identification:_identify(src) by extensions ['colcon_pkg']
[0.212s] Level 1:colcon.colcon_core.package_identification:_identify(src) by extension 'colcon_pkg'
[0.212s] Level 1:colcon.colcon_core.package_identification:_identify(src) by extensions ['colcon_meta']
[0.212s] Level 1:colcon.colcon_core.package_identification:_identify(src) by extension 'colcon_meta'
[0.212s] Level 1:colcon.colcon_core.package_identification:_identify(src) by extensions ['ros']
[0.212s] Level 1:colcon.colcon_core.package_identification:_identify(src) by extension 'ros'
[0.212s] Level 1:colcon.colcon_core.package_identification:_identify(src) by extensions ['cmake', 'python']
[0.212s] Level 1:colcon.colcon_core.package_identification:_identify(src) by extension 'cmake'
[0.212s] Level 1:colcon.colcon_core.package_identification:_identify(src) by extension 'python'
[0.212s] Level 1:colcon.colcon_core.package_identification:_identify(src) by extensions ['python_setup_py']
[0.212s] Level 1:colcon.colcon_core.package_identification:_identify(src) by extension 'python_setup_py'
[0.212s] Level 1:colcon.colcon_core.package_identification:_identify(src/my_robot_package) by extensions ['ignore', 'ignore_ament_install']
[0.212s] Level 1:colcon.colcon_core.package_identification:_identify(src/my_robot_package) by extension 'ignore'
[0.212s] Level 1:colcon.colcon_core.package_identification:_identify(src/my_robot_package) by extension 'ignore_ament_install'
[0.212s] Level 1:colcon.colcon_core.package_identification:_identify(src/my_robot_package) by extensions ['colcon_pkg']
[0.212s] Level 1:colcon.colcon_core.package_identification:_identify(src/my_robot_package) by extension 'colcon_pkg'
[0.212s] Level 1:colcon.colcon_core.package_identification:_identify(src/my_robot_package) by extensions ['colcon_meta']
[0.212s] Level 1:colcon.colcon_core.package_identification:_identify(src/my_robot_package) by extension 'colcon_meta'
[0.212s] Level 1:colcon.colcon_core.package_identification:_identify(src/my_robot_package) by extensions ['ros']
[0.212s] Level 1:colcon.colcon_core.package_identification:_identify(src/my_robot_package) by extension 'ros'
[0.218s] DEBUG:colcon.colcon_core.package_identification:Package 'src/my_robot_package' with type 'ros.ament_cmake' and name 'my_robot_package'
[0.218s] Level 1:colcon.colcon_core.package_discovery:discover_packages(recursive) using defaults
[0.218s] Level 1:colcon.colcon_core.package_discovery:discover_packages(ignore) discover
[0.218s] Level 1:colcon.colcon_core.package_discovery:discover_packages(ignore) using defaults
[0.218s] Level 1:colcon.colcon_core.package_discovery:discover_packages(path) discover
[0.218s] Level 1:colcon.colcon_core.package_discovery:discover_packages(path) using defaults
[0.236s] Level 1:colcon.colcon_core.package_discovery:discover_packages(prefix_path) check parameters
[0.236s] Level 1:colcon.colcon_core.package_discovery:discover_packages(prefix_path) discover
[0.238s] DEBUG:colcon.colcon_installed_package_information.package_discovery:Found 285 installed packages in /opt/ros/jazzy
[0.239s] Level 1:colcon.colcon_core.package_discovery:discover_packages(prefix_path) using defaults
[0.276s] Level 5:colcon.colcon_core.verb:set package 'my_robot_package' build argument 'cmake_args' from command line to 'None'
[0.276s] Level 5:colcon.colcon_core.verb:set package 'my_robot_package' build argument 'cmake_target' from command line to 'None'
[0.276s] Level 5:colcon.colcon_core.verb:set package 'my_robot_package' build argument 'cmake_target_skip_unavailable' from command line to 'False'
[0.276s] Level 5:colcon.colcon_core.verb:set package 'my_robot_package' build argument 'cmake_clean_cache' from command line to 'False'
[0.276s] Level 5:colcon.colcon_core.verb:set package 'my_robot_package' build argument 'cmake_clean_first' from command line to 'False'
[0.276s] Level 5:colcon.colcon_core.verb:set package 'my_robot_package' build argument 'cmake_force_configure' from command line to 'False'
[0.276s] Level 5:colcon.colcon_core.verb:set package 'my_robot_package' build argument 'ament_cmake_args' from command line to 'None'
[0.276s] Level 5:colcon.colcon_core.verb:set package 'my_robot_package' build argument 'catkin_cmake_args' from command line to 'None'
[0.276s] Level 5:colcon.colcon_core.verb:set package 'my_robot_package' build argument 'catkin_skip_building_tests' from command line to 'False'
[0.276s] DEBUG:colcon.colcon_core.verb:Building package 'my_robot_package' with the following arguments: {'ament_cmake_args': None, 'build_base': '/home/fly/fly/build/my_robot_package', 'catkin_cmake_args': None, 'catkin_skip_building_tests': False, 'cmake_args': None, 'cmake_clean_cache': False, 'cmake_clean_first': False, 'cmake_force_configure': False, 'cmake_target': None, 'cmake_target_skip_unavailable': False, 'install_base': '/home/fly/fly/install/my_robot_package', 'merge_install': False, 'path': '/home/fly/fly/src/my_robot_package', 'symlink_install': False, 'test_result_base': None}
[0.277s] INFO:colcon.colcon_core.executor:Executing jobs using 'parallel' executor
[0.278s] DEBUG:colcon.colcon_parallel_executor.executor.parallel:run_until_complete
[0.278s] INFO:colcon.colcon_ros.task.ament_cmake.build:Building ROS package in '/home/fly/fly/src/my_robot_package' with build type 'ament_cmake'
[0.279s] INFO:colcon.colcon_cmake.task.cmake.build:Building CMake package in '/home/fly/fly/src/my_robot_package'
[0.280s] INFO:colcon.colcon_core.plugin_system:Skipping extension 'colcon_core.shell.bat': Not used on non-Windows systems
[0.280s] INFO:colcon.colcon_core.shell:Skip shell extension 'powershell' for command environment: Not usable outside of PowerShell
[0.280s] DEBUG:colcon.colcon_core.shell:Skip shell extension 'dsv' for command environment
[0.293s] DEBUG:colcon.colcon_core.event_handler.log_command:Invoking command in '/home/fly/fly/build/my_robot_package': CMAKE_PREFIX_PATH=${CMAKE_PREFIX_PATH}:/opt/ros/jazzy DEBUGINFOD_URLS=https://debuginfod.ubuntu.com /usr/bin/cmake --build /home/fly/fly/build/my_robot_package -- -j8 -l8
[10.972s] DEBUG:colcon.colcon_core.event_handler.log_command:Invoked command in '/home/fly/fly/build/my_robot_package' returned '0': CMAKE_PREFIX_PATH=${CMAKE_PREFIX_PATH}:/opt/ros/jazzy DEBUGINFOD_URLS=https://debuginfod.ubuntu.com /usr/bin/cmake --build /home/fly/fly/build/my_robot_package -- -j8 -l8
[10.997s] DEBUG:colcon.colcon_core.event_handler.log_command:Invoking command in '/home/fly/fly/build/my_robot_package': CMAKE_PREFIX_PATH=${CMAKE_PREFIX_PATH}:/opt/ros/jazzy DEBUGINFOD_URLS=https://debuginfod.ubuntu.com /usr/bin/cmake --install /home/fly/fly/build/my_robot_package
[11.024s] Level 1:colcon.colcon_core.environment:create_environment_scripts_only(my_robot_package)
[11.025s] Level 1:colcon.colcon_core.environment:checking '/home/fly/fly/install/my_robot_package' for CMake module files
[11.026s] Level 1:colcon.colcon_core.environment:checking '/home/fly/fly/install/my_robot_package' for CMake config files
[11.026s] Level 1:colcon.colcon_core.shell:create_environment_hook('my_robot_package', 'cmake_prefix_path')
[11.026s] INFO:colcon.colcon_core.shell:Creating environment hook '/home/fly/fly/install/my_robot_package/share/my_robot_package/hook/cmake_prefix_path.ps1'
[11.027s] DEBUG:colcon.colcon_core.event_handler.log_command:Invoked command in '/home/fly/fly/build/my_robot_package' returned '0': CMAKE_PREFIX_PATH=${CMAKE_PREFIX_PATH}:/opt/ros/jazzy DEBUGINFOD_URLS=https://debuginfod.ubuntu.com /usr/bin/cmake --install /home/fly/fly/build/my_robot_package
[11.028s] INFO:colcon.colcon_core.shell:Creating environment descriptor '/home/fly/fly/install/my_robot_package/share/my_robot_package/hook/cmake_prefix_path.dsv'
[11.029s] INFO:colcon.colcon_core.shell:Creating environment hook '/home/fly/fly/install/my_robot_package/share/my_robot_package/hook/cmake_prefix_path.sh'
[11.031s] Level 1:colcon.colcon_core.environment:checking '/home/fly/fly/install/my_robot_package/lib'
[11.031s] Level 1:colcon.colcon_core.environment:checking '/home/fly/fly/install/my_robot_package/bin'
[11.031s] Level 1:colcon.colcon_core.environment:checking '/home/fly/fly/install/my_robot_package/lib/pkgconfig/my_robot_package.pc'
[11.032s] Level 1:colcon.colcon_core.environment:checking '/home/fly/fly/install/my_robot_package/lib/python3.12/site-packages'
[11.032s] Level 1:colcon.colcon_core.environment:checking '/home/fly/fly/install/my_robot_package/bin'
[11.033s] INFO:colcon.colcon_core.shell:Creating package script '/home/fly/fly/install/my_robot_package/share/my_robot_package/package.ps1'
[11.034s] INFO:colcon.colcon_core.shell:Creating package descriptor '/home/fly/fly/install/my_robot_package/share/my_robot_package/package.dsv'
[11.035s] INFO:colcon.colcon_core.shell:Creating package script '/home/fly/fly/install/my_robot_package/share/my_robot_package/package.sh'
[11.036s] INFO:colcon.colcon_core.shell:Creating package script '/home/fly/fly/install/my_robot_package/share/my_robot_package/package.bash'
[11.038s] INFO:colcon.colcon_core.shell:Creating package script '/home/fly/fly/install/my_robot_package/share/my_robot_package/package.zsh'
[11.038s] Level 1:colcon.colcon_core.environment:create_file_with_runtime_dependencies(/home/fly/fly/install/my_robot_package/share/colcon-core/packages/my_robot_package)
[11.040s] Level 1:colcon.colcon_core.environment:create_environment_scripts_only(my_robot_package)
[11.040s] Level 1:colcon.colcon_core.environment:checking '/home/fly/fly/install/my_robot_package' for CMake module files
[11.041s] Level 1:colcon.colcon_core.environment:checking '/home/fly/fly/install/my_robot_package' for CMake config files
[11.041s] Level 1:colcon.colcon_core.shell:create_environment_hook('my_robot_package', 'cmake_prefix_path')
[11.041s] INFO:colcon.colcon_core.shell:Creating environment hook '/home/fly/fly/install/my_robot_package/share/my_robot_package/hook/cmake_prefix_path.ps1'
[11.042s] INFO:colcon.colcon_core.shell:Creating environment descriptor '/home/fly/fly/install/my_robot_package/share/my_robot_package/hook/cmake_prefix_path.dsv'
[11.043s] INFO:colcon.colcon_core.shell:Creating environment hook '/home/fly/fly/install/my_robot_package/share/my_robot_package/hook/cmake_prefix_path.sh'
[11.043s] Level 1:colcon.colcon_core.environment:checking '/home/fly/fly/install/my_robot_package/lib'
[11.043s] Level 1:colcon.colcon_core.environment:checking '/home/fly/fly/install/my_robot_package/bin'
[11.044s] Level 1:colcon.colcon_core.environment:checking '/home/fly/fly/install/my_robot_package/lib/pkgconfig/my_robot_package.pc'
[11.044s] Level 1:colcon.colcon_core.environment:checking '/home/fly/fly/install/my_robot_package/lib/python3.12/site-packages'
[11.044s] Level 1:colcon.colcon_core.environment:checking '/home/fly/fly/install/my_robot_package/bin'
[11.044s] INFO:colcon.colcon_core.shell:Creating package script '/home/fly/fly/install/my_robot_package/share/my_robot_package/package.ps1'
[11.045s] INFO:colcon.colcon_core.shell:Creating package descriptor '/home/fly/fly/install/my_robot_package/share/my_robot_package/package.dsv'
[11.045s] INFO:colcon.colcon_core.shell:Creating package script '/home/fly/fly/install/my_robot_package/share/my_robot_package/package.sh'
[11.046s] INFO:colcon.colcon_core.shell:Creating package script '/home/fly/fly/install/my_robot_package/share/my_robot_package/package.bash'
[11.046s] INFO:colcon.colcon_core.shell:Creating package script '/home/fly/fly/install/my_robot_package/share/my_robot_package/package.zsh'
[11.047s] Level 1:colcon.colcon_core.environment:create_file_with_runtime_dependencies(/home/fly/fly/install/my_robot_package/share/colcon-core/packages/my_robot_package)
[11.047s] DEBUG:colcon.colcon_parallel_executor.executor.parallel:closing loop
[11.048s] DEBUG:colcon.colcon_parallel_executor.executor.parallel:loop closed
[11.049s] DEBUG:colcon.colcon_parallel_executor.executor.parallel:run_until_complete finished with '0'
[11.049s] DEBUG:colcon.colcon_core.event_reactor:joining thread
[11.056s] INFO:colcon.colcon_core.plugin_system:Skipping extension 'colcon_notification.desktop_notification.terminal_notifier': Not used on non-Darwin systems
[11.056s] INFO:colcon.colcon_core.plugin_system:Skipping extension 'colcon_notification.desktop_notification.win32': Not used on non-Windows systems
[11.056s] INFO:colcon.colcon_notification.desktop_notification:Sending desktop notification using 'notify2'
[11.086s] DEBUG:colcon.colcon_core.event_reactor:joined thread
[11.087s] INFO:colcon.colcon_core.shell:Creating prefix script '/home/fly/fly/install/local_setup.ps1'
[11.087s] INFO:colcon.colcon_core.shell:Creating prefix util module '/home/fly/fly/install/_local_setup_util_ps1.py'
[11.088s] INFO:colcon.colcon_core.shell:Creating prefix chain script '/home/fly/fly/install/setup.ps1'
[11.089s] INFO:colcon.colcon_core.shell:Creating prefix script '/home/fly/fly/install/local_setup.sh'
[11.090s] INFO:colcon.colcon_core.shell:Creating prefix util module '/home/fly/fly/install/_local_setup_util_sh.py'
[11.092s] INFO:colcon.colcon_core.shell:Creating prefix chain script '/home/fly/fly/install/setup.sh'
[11.093s] INFO:colcon.colcon_core.shell:Creating prefix script '/home/fly/fly/install/local_setup.bash'
[11.094s] INFO:colcon.colcon_core.shell:Creating prefix chain script '/home/fly/fly/install/setup.bash'
[11.095s] INFO:colcon.colcon_core.shell:Creating prefix script '/home/fly/fly/install/local_setup.zsh'
[11.097s] INFO:colcon.colcon_core.shell:Creating prefix chain script '/home/fly/fly/install/setup.zsh'
