[0.135s] DEBUG:colcon:Command line arguments: ['/usr/bin/colcon', 'build', '--packages-select', 'delivery_drone']
[0.135s] DEBUG:colcon:Parsed command line arguments: Namespace(log_base=None, log_level=None, verb_name='build', build_base='build', install_base='install', merge_install=False, symlink_install=False, test_result_base=None, continue_on_error=False, executor='parallel', parallel_workers=8, event_handlers=None, ignore_user_meta=False, metas=['./colcon.meta'], base_paths=['.'], packages_ignore=None, packages_ignore_regex=None, paths=None, packages_up_to=None, packages_up_to_regex=None, packages_above=None, packages_above_and_dependencies=None, packages_above_depth=None, packages_select_by_dep=None, packages_skip_by_dep=None, packages_skip_up_to=None, packages_select_build_failed=False, packages_skip_build_finished=False, packages_select_test_failures=False, packages_skip_test_passed=False, packages_select=['delivery_drone'], packages_skip=None, packages_select_regex=None, packages_skip_regex=None, packages_start=None, packages_end=None, allow_overriding=[], cmake_args=None, cmake_target=None, cmake_target_skip_unavailable=False, cmake_clean_cache=False, cmake_clean_first=False, cmake_force_configure=False, ament_cmake_args=None, catkin_cmake_args=None, catkin_skip_building_tests=False, verb_parser=<colcon_defaults.argument_parser.defaults.DefaultArgumentsDecorator object at 0x74122fa2ec00>, verb_extension=<colcon_core.verb.build.BuildVerb object at 0x74122fb326c0>, main=<bound method BuildVerb.main of <colcon_core.verb.build.BuildVerb object at 0x74122fb326c0>>)
[0.180s] Level 1:colcon.colcon_core.package_discovery:discover_packages(colcon_meta) check parameters
[0.180s] Level 1:colcon.colcon_core.package_discovery:discover_packages(recursive) check parameters
[0.181s] Level 1:colcon.colcon_core.package_discovery:discover_packages(ignore) check parameters
[0.181s] Level 1:colcon.colcon_core.package_discovery:discover_packages(path) check parameters
[0.181s] Level 1:colcon.colcon_core.package_discovery:discover_packages(colcon_meta) discover
[0.181s] Level 1:colcon.colcon_core.package_discovery:discover_packages(recursive) discover
[0.182s] INFO:colcon.colcon_core.package_discovery:Crawling recursively for packages in '/home/fly/fly'
[0.182s] Level 1:colcon.colcon_core.package_identification:_identify(.) by extensions ['ignore', 'ignore_ament_install']
[0.182s] Level 1:colcon.colcon_core.package_identification:_identify(.) by extension 'ignore'
[0.182s] Level 1:colcon.colcon_core.package_identification:_identify(.) by extension 'ignore_ament_install'
[0.183s] Level 1:colcon.colcon_core.package_identification:_identify(.) by extensions ['colcon_pkg']
[0.183s] Level 1:colcon.colcon_core.package_identification:_identify(.) by extension 'colcon_pkg'
[0.183s] Level 1:colcon.colcon_core.package_identification:_identify(.) by extensions ['colcon_meta']
[0.183s] Level 1:colcon.colcon_core.package_identification:_identify(.) by extension 'colcon_meta'
[0.183s] Level 1:colcon.colcon_core.package_identification:_identify(.) by extensions ['ros']
[0.183s] Level 1:colcon.colcon_core.package_identification:_identify(.) by extension 'ros'
[0.212s] Level 1:colcon.colcon_core.package_identification:_identify(.) by extensions ['cmake', 'python']
[0.213s] Level 1:colcon.colcon_core.package_identification:_identify(.) by extension 'cmake'
[0.213s] Level 1:colcon.colcon_core.package_identification:_identify(.) by extension 'python'
[0.213s] Level 1:colcon.colcon_core.package_identification:_identify(.) by extensions ['python_setup_py']
[0.213s] Level 1:colcon.colcon_core.package_identification:_identify(.) by extension 'python_setup_py'
[0.214s] Level 1:colcon.colcon_core.package_identification:_identify(backend) by extensions ['ignore', 'ignore_ament_install']
[0.214s] Level 1:colcon.colcon_core.package_identification:_identify(backend) by extension 'ignore'
[0.214s] Level 1:colcon.colcon_core.package_identification:_identify(backend) by extension 'ignore_ament_install'
[0.214s] Level 1:colcon.colcon_core.package_identification:_identify(backend) by extensions ['colcon_pkg']
[0.214s] Level 1:colcon.colcon_core.package_identification:_identify(backend) by extension 'colcon_pkg'
[0.214s] Level 1:colcon.colcon_core.package_identification:_identify(backend) by extensions ['colcon_meta']
[0.215s] Level 1:colcon.colcon_core.package_identification:_identify(backend) by extension 'colcon_meta'
[0.215s] Level 1:colcon.colcon_core.package_identification:_identify(backend) by extensions ['ros']
[0.215s] Level 1:colcon.colcon_core.package_identification:_identify(backend) by extension 'ros'
[0.215s] Level 1:colcon.colcon_core.package_identification:_identify(backend) by extensions ['cmake', 'python']
[0.215s] Level 1:colcon.colcon_core.package_identification:_identify(backend) by extension 'cmake'
[0.215s] Level 1:colcon.colcon_core.package_identification:_identify(backend) by extension 'python'
[0.215s] Level 1:colcon.colcon_core.package_identification:_identify(backend) by extensions ['python_setup_py']
[0.215s] Level 1:colcon.colcon_core.package_identification:_identify(backend) by extension 'python_setup_py'
[0.215s] Level 1:colcon.colcon_core.package_identification:_identify(backend/__pycache__) by extensions ['ignore', 'ignore_ament_install']
[0.215s] Level 1:colcon.colcon_core.package_identification:_identify(backend/__pycache__) by extension 'ignore'
[0.215s] Level 1:colcon.colcon_core.package_identification:_identify(backend/__pycache__) by extension 'ignore_ament_install'
[0.215s] Level 1:colcon.colcon_core.package_identification:_identify(backend/__pycache__) by extensions ['colcon_pkg']
[0.215s] Level 1:colcon.colcon_core.package_identification:_identify(backend/__pycache__) by extension 'colcon_pkg'
[0.215s] Level 1:colcon.colcon_core.package_identification:_identify(backend/__pycache__) by extensions ['colcon_meta']
[0.215s] Level 1:colcon.colcon_core.package_identification:_identify(backend/__pycache__) by extension 'colcon_meta'
[0.215s] Level 1:colcon.colcon_core.package_identification:_identify(backend/__pycache__) by extensions ['ros']
[0.215s] Level 1:colcon.colcon_core.package_identification:_identify(backend/__pycache__) by extension 'ros'
[0.216s] Level 1:colcon.colcon_core.package_identification:_identify(backend/__pycache__) by extensions ['cmake', 'python']
[0.216s] Level 1:colcon.colcon_core.package_identification:_identify(backend/__pycache__) by extension 'cmake'
[0.216s] Level 1:colcon.colcon_core.package_identification:_identify(backend/__pycache__) by extension 'python'
[0.216s] Level 1:colcon.colcon_core.package_identification:_identify(backend/__pycache__) by extensions ['python_setup_py']
[0.216s] Level 1:colcon.colcon_core.package_identification:_identify(backend/__pycache__) by extension 'python_setup_py'
[0.216s] Level 1:colcon.colcon_core.package_identification:_identify(build) by extensions ['ignore', 'ignore_ament_install']
[0.216s] Level 1:colcon.colcon_core.package_identification:_identify(build) by extension 'ignore'
[0.216s] Level 1:colcon.colcon_core.package_identification:_identify(build) ignored
[0.216s] Level 1:colcon.colcon_core.package_identification:_identify(delivery_drone) by extensions ['ignore', 'ignore_ament_install']
[0.216s] Level 1:colcon.colcon_core.package_identification:_identify(delivery_drone) by extension 'ignore'
[0.216s] Level 1:colcon.colcon_core.package_identification:_identify(delivery_drone) by extension 'ignore_ament_install'
[0.216s] Level 1:colcon.colcon_core.package_identification:_identify(delivery_drone) by extensions ['colcon_pkg']
[0.216s] Level 1:colcon.colcon_core.package_identification:_identify(delivery_drone) by extension 'colcon_pkg'
[0.217s] Level 1:colcon.colcon_core.package_identification:_identify(delivery_drone) by extensions ['colcon_meta']
[0.217s] Level 1:colcon.colcon_core.package_identification:_identify(delivery_drone) by extension 'colcon_meta'
[0.217s] Level 1:colcon.colcon_core.package_identification:_identify(delivery_drone) by extensions ['ros']
[0.217s] Level 1:colcon.colcon_core.package_identification:_identify(delivery_drone) by extension 'ros'
[0.217s] Level 1:colcon.colcon_core.package_identification:_identify(delivery_drone) by extensions ['cmake', 'python']
[0.217s] Level 1:colcon.colcon_core.package_identification:_identify(delivery_drone) by extension 'cmake'
[0.217s] Level 1:colcon.colcon_core.package_identification:_identify(delivery_drone) by extension 'python'
[0.217s] Level 1:colcon.colcon_core.package_identification:_identify(delivery_drone) by extensions ['python_setup_py']
[0.217s] Level 1:colcon.colcon_core.package_identification:_identify(delivery_drone) by extension 'python_setup_py'
[0.217s] Level 1:colcon.colcon_core.package_identification:_identify(delivery_drone/delivery_drone) by extensions ['ignore', 'ignore_ament_install']
[0.217s] Level 1:colcon.colcon_core.package_identification:_identify(delivery_drone/delivery_drone) by extension 'ignore'
[0.217s] Level 1:colcon.colcon_core.package_identification:_identify(delivery_drone/delivery_drone) by extension 'ignore_ament_install'
[0.218s] Level 1:colcon.colcon_core.package_identification:_identify(delivery_drone/delivery_drone) by extensions ['colcon_pkg']
[0.218s] Level 1:colcon.colcon_core.package_identification:_identify(delivery_drone/delivery_drone) by extension 'colcon_pkg'
[0.218s] Level 1:colcon.colcon_core.package_identification:_identify(delivery_drone/delivery_drone) by extensions ['colcon_meta']
[0.218s] Level 1:colcon.colcon_core.package_identification:_identify(delivery_drone/delivery_drone) by extension 'colcon_meta'
[0.218s] Level 1:colcon.colcon_core.package_identification:_identify(delivery_drone/delivery_drone) by extensions ['ros']
[0.219s] Level 1:colcon.colcon_core.package_identification:_identify(delivery_drone/delivery_drone) by extension 'ros'
[0.219s] Level 1:colcon.colcon_core.package_identification:_identify(delivery_drone/delivery_drone) by extensions ['cmake', 'python']
[0.219s] Level 1:colcon.colcon_core.package_identification:_identify(delivery_drone/delivery_drone) by extension 'cmake'
[0.219s] Level 1:colcon.colcon_core.package_identification:_identify(delivery_drone/delivery_drone) by extension 'python'
[0.219s] Level 1:colcon.colcon_core.package_identification:_identify(delivery_drone/delivery_drone) by extensions ['python_setup_py']
[0.219s] Level 1:colcon.colcon_core.package_identification:_identify(delivery_drone/delivery_drone) by extension 'python_setup_py'
[0.220s] Level 1:colcon.colcon_core.package_identification:_identify(install) by extensions ['ignore', 'ignore_ament_install']
[0.220s] Level 1:colcon.colcon_core.package_identification:_identify(install) by extension 'ignore'
[0.220s] Level 1:colcon.colcon_core.package_identification:_identify(install) ignored
[0.220s] Level 1:colcon.colcon_core.package_identification:_identify(log) by extensions ['ignore', 'ignore_ament_install']
[0.220s] Level 1:colcon.colcon_core.package_identification:_identify(log) by extension 'ignore'
[0.220s] Level 1:colcon.colcon_core.package_identification:_identify(log) ignored
[0.220s] Level 1:colcon.colcon_core.package_identification:_identify(src) by extensions ['ignore', 'ignore_ament_install']
[0.221s] Level 1:colcon.colcon_core.package_identification:_identify(src) by extension 'ignore'
[0.221s] Level 1:colcon.colcon_core.package_identification:_identify(src) by extension 'ignore_ament_install'
[0.221s] Level 1:colcon.colcon_core.package_identification:_identify(src) by extensions ['colcon_pkg']
[0.221s] Level 1:colcon.colcon_core.package_identification:_identify(src) by extension 'colcon_pkg'
[0.221s] Level 1:colcon.colcon_core.package_identification:_identify(src) by extensions ['colcon_meta']
[0.221s] Level 1:colcon.colcon_core.package_identification:_identify(src) by extension 'colcon_meta'
[0.221s] Level 1:colcon.colcon_core.package_identification:_identify(src) by extensions ['ros']
[0.221s] Level 1:colcon.colcon_core.package_identification:_identify(src) by extension 'ros'
[0.221s] Level 1:colcon.colcon_core.package_identification:_identify(src) by extensions ['cmake', 'python']
[0.221s] Level 1:colcon.colcon_core.package_identification:_identify(src) by extension 'cmake'
[0.221s] Level 1:colcon.colcon_core.package_identification:_identify(src) by extension 'python'
[0.221s] Level 1:colcon.colcon_core.package_identification:_identify(src) by extensions ['python_setup_py']
[0.221s] Level 1:colcon.colcon_core.package_identification:_identify(src) by extension 'python_setup_py'
[0.221s] Level 1:colcon.colcon_core.package_identification:_identify(src/delivery_drone) by extensions ['ignore', 'ignore_ament_install']
[0.221s] Level 1:colcon.colcon_core.package_identification:_identify(src/delivery_drone) by extension 'ignore'
[0.221s] Level 1:colcon.colcon_core.package_identification:_identify(src/delivery_drone) by extension 'ignore_ament_install'
[0.222s] Level 1:colcon.colcon_core.package_identification:_identify(src/delivery_drone) by extensions ['colcon_pkg']
[0.222s] Level 1:colcon.colcon_core.package_identification:_identify(src/delivery_drone) by extension 'colcon_pkg'
[0.222s] Level 1:colcon.colcon_core.package_identification:_identify(src/delivery_drone) by extensions ['colcon_meta']
[0.222s] Level 1:colcon.colcon_core.package_identification:_identify(src/delivery_drone) by extension 'colcon_meta'
[0.222s] Level 1:colcon.colcon_core.package_identification:_identify(src/delivery_drone) by extensions ['ros']
[0.222s] Level 1:colcon.colcon_core.package_identification:_identify(src/delivery_drone) by extension 'ros'
[0.226s] DEBUG:colcon.colcon_core.package_identification:Package 'src/delivery_drone' with type 'ros.ament_python' and name 'delivery_drone'
[0.226s] Level 1:colcon.colcon_core.package_identification:_identify(src/my_robot_package) by extensions ['ignore', 'ignore_ament_install']
[0.226s] Level 1:colcon.colcon_core.package_identification:_identify(src/my_robot_package) by extension 'ignore'
[0.226s] Level 1:colcon.colcon_core.package_identification:_identify(src/my_robot_package) by extension 'ignore_ament_install'
[0.226s] Level 1:colcon.colcon_core.package_identification:_identify(src/my_robot_package) by extensions ['colcon_pkg']
[0.226s] Level 1:colcon.colcon_core.package_identification:_identify(src/my_robot_package) by extension 'colcon_pkg'
[0.227s] Level 1:colcon.colcon_core.package_identification:_identify(src/my_robot_package) by extensions ['colcon_meta']
[0.227s] Level 1:colcon.colcon_core.package_identification:_identify(src/my_robot_package) by extension 'colcon_meta'
[0.227s] Level 1:colcon.colcon_core.package_identification:_identify(src/my_robot_package) by extensions ['ros']
[0.227s] Level 1:colcon.colcon_core.package_identification:_identify(src/my_robot_package) by extension 'ros'
[0.227s] DEBUG:colcon.colcon_core.package_identification:Package 'src/my_robot_package' with type 'ros.ament_cmake' and name 'my_robot_package'
[0.227s] Level 1:colcon.colcon_core.package_discovery:discover_packages(recursive) using defaults
[0.227s] Level 1:colcon.colcon_core.package_discovery:discover_packages(ignore) discover
[0.227s] Level 1:colcon.colcon_core.package_discovery:discover_packages(ignore) using defaults
[0.227s] Level 1:colcon.colcon_core.package_discovery:discover_packages(path) discover
[0.227s] Level 1:colcon.colcon_core.package_discovery:discover_packages(path) using defaults
[0.244s] INFO:colcon.colcon_core.package_selection:Skipping not selected package 'my_robot_package' in 'src/my_robot_package'
[0.245s] Level 1:colcon.colcon_core.package_discovery:discover_packages(prefix_path) check parameters
[0.245s] Level 1:colcon.colcon_core.package_discovery:discover_packages(prefix_path) discover
[0.248s] DEBUG:colcon.colcon_installed_package_information.package_discovery:Found 1 installed packages in /home/fly/fly/install
[0.251s] DEBUG:colcon.colcon_installed_package_information.package_discovery:Found 285 installed packages in /opt/ros/jazzy
[0.252s] Level 1:colcon.colcon_core.package_discovery:discover_packages(prefix_path) using defaults
[0.290s] Level 5:colcon.colcon_core.verb:set package 'delivery_drone' build argument 'cmake_args' from command line to 'None'
[0.290s] Level 5:colcon.colcon_core.verb:set package 'delivery_drone' build argument 'cmake_target' from command line to 'None'
[0.290s] Level 5:colcon.colcon_core.verb:set package 'delivery_drone' build argument 'cmake_target_skip_unavailable' from command line to 'False'
[0.290s] Level 5:colcon.colcon_core.verb:set package 'delivery_drone' build argument 'cmake_clean_cache' from command line to 'False'
[0.290s] Level 5:colcon.colcon_core.verb:set package 'delivery_drone' build argument 'cmake_clean_first' from command line to 'False'
[0.290s] Level 5:colcon.colcon_core.verb:set package 'delivery_drone' build argument 'cmake_force_configure' from command line to 'False'
[0.290s] Level 5:colcon.colcon_core.verb:set package 'delivery_drone' build argument 'ament_cmake_args' from command line to 'None'
[0.290s] Level 5:colcon.colcon_core.verb:set package 'delivery_drone' build argument 'catkin_cmake_args' from command line to 'None'
[0.290s] Level 5:colcon.colcon_core.verb:set package 'delivery_drone' build argument 'catkin_skip_building_tests' from command line to 'False'
[0.290s] DEBUG:colcon.colcon_core.verb:Building package 'delivery_drone' with the following arguments: {'ament_cmake_args': None, 'build_base': '/home/fly/fly/build/delivery_drone', 'catkin_cmake_args': None, 'catkin_skip_building_tests': False, 'cmake_args': None, 'cmake_clean_cache': False, 'cmake_clean_first': False, 'cmake_force_configure': False, 'cmake_target': None, 'cmake_target_skip_unavailable': False, 'install_base': '/home/fly/fly/install/delivery_drone', 'merge_install': False, 'path': '/home/fly/fly/src/delivery_drone', 'symlink_install': False, 'test_result_base': None}
[0.290s] INFO:colcon.colcon_core.executor:Executing jobs using 'parallel' executor
[0.291s] DEBUG:colcon.colcon_parallel_executor.executor.parallel:run_until_complete
[0.292s] INFO:colcon.colcon_ros.task.ament_python.build:Building ROS package in '/home/fly/fly/src/delivery_drone' with build type 'ament_python'
[0.292s] Level 1:colcon.colcon_core.shell:create_environment_hook('delivery_drone', 'ament_prefix_path')
[0.293s] INFO:colcon.colcon_core.plugin_system:Skipping extension 'colcon_core.shell.bat': Not used on non-Windows systems
[0.294s] INFO:colcon.colcon_core.shell:Creating environment hook '/home/fly/fly/install/delivery_drone/share/delivery_drone/hook/ament_prefix_path.ps1'
[0.294s] INFO:colcon.colcon_core.shell:Creating environment descriptor '/home/fly/fly/install/delivery_drone/share/delivery_drone/hook/ament_prefix_path.dsv'
[0.295s] INFO:colcon.colcon_core.shell:Creating environment hook '/home/fly/fly/install/delivery_drone/share/delivery_drone/hook/ament_prefix_path.sh'
[0.295s] INFO:colcon.colcon_core.shell:Skip shell extension 'powershell' for command environment: Not usable outside of PowerShell
[0.295s] DEBUG:colcon.colcon_core.shell:Skip shell extension 'dsv' for command environment
[0.535s] INFO:colcon.colcon_core.task.python.build:Building Python package in '/home/fly/fly/src/delivery_drone'
[0.535s] INFO:colcon.colcon_core.shell:Skip shell extension 'powershell' for command environment: Not usable outside of PowerShell
[0.535s] DEBUG:colcon.colcon_core.shell:Skip shell extension 'dsv' for command environment
[1.180s] DEBUG:colcon.colcon_core.event_handler.log_command:Invoking command in '/home/fly/fly/src/delivery_drone': DEBUGINFOD_URLS=https://debuginfod.ubuntu.com PYTHONPATH=/home/fly/fly/build/delivery_drone/prefix_override:/usr/lib/python3/dist-packages/colcon_core/task/python/colcon_distutils_commands:/home/fly/fly/install/delivery_drone/lib/python3.12/site-packages:${PYTHONPATH} /usr/bin/python3 -W ignore:setup.py install is deprecated -W ignore:easy_install command is deprecated setup.py egg_info --egg-base ../../build/delivery_drone build --build-base /home/fly/fly/build/delivery_drone/build install --record /home/fly/fly/build/delivery_drone/install.log --single-version-externally-managed install_data
[1.740s] DEBUG:colcon.colcon_core.event_handler.log_command:Invoked command in '/home/fly/fly/src/delivery_drone' returned '0': DEBUGINFOD_URLS=https://debuginfod.ubuntu.com PYTHONPATH=/home/fly/fly/build/delivery_drone/prefix_override:/usr/lib/python3/dist-packages/colcon_core/task/python/colcon_distutils_commands:/home/fly/fly/install/delivery_drone/lib/python3.12/site-packages:${PYTHONPATH} /usr/bin/python3 -W ignore:setup.py install is deprecated -W ignore:easy_install command is deprecated setup.py egg_info --egg-base ../../build/delivery_drone build --build-base /home/fly/fly/build/delivery_drone/build install --record /home/fly/fly/build/delivery_drone/install.log --single-version-externally-managed install_data
[1.747s] Level 1:colcon.colcon_core.environment:checking '/home/fly/fly/install/delivery_drone' for CMake module files
[1.747s] Level 1:colcon.colcon_core.environment:checking '/home/fly/fly/install/delivery_drone' for CMake config files
[1.748s] Level 1:colcon.colcon_core.environment:checking '/home/fly/fly/install/delivery_drone/lib'
[1.748s] Level 1:colcon.colcon_core.environment:checking '/home/fly/fly/install/delivery_drone/bin'
[1.748s] Level 1:colcon.colcon_core.environment:checking '/home/fly/fly/install/delivery_drone/lib/pkgconfig/delivery_drone.pc'
[1.748s] Level 1:colcon.colcon_core.environment:checking '/home/fly/fly/install/delivery_drone/lib/python3.12/site-packages'
[1.748s] Level 1:colcon.colcon_core.shell:create_environment_hook('delivery_drone', 'pythonpath')
[1.749s] INFO:colcon.colcon_core.shell:Creating environment hook '/home/fly/fly/install/delivery_drone/share/delivery_drone/hook/pythonpath.ps1'
[1.749s] INFO:colcon.colcon_core.shell:Creating environment descriptor '/home/fly/fly/install/delivery_drone/share/delivery_drone/hook/pythonpath.dsv'
[1.749s] INFO:colcon.colcon_core.shell:Creating environment hook '/home/fly/fly/install/delivery_drone/share/delivery_drone/hook/pythonpath.sh'
[1.750s] Level 1:colcon.colcon_core.environment:checking '/home/fly/fly/install/delivery_drone/bin'
[1.750s] Level 1:colcon.colcon_core.environment:create_environment_scripts_only(delivery_drone)
[1.750s] INFO:colcon.colcon_core.shell:Creating package script '/home/fly/fly/install/delivery_drone/share/delivery_drone/package.ps1'
[1.751s] INFO:colcon.colcon_core.shell:Creating package descriptor '/home/fly/fly/install/delivery_drone/share/delivery_drone/package.dsv'
[1.751s] INFO:colcon.colcon_core.shell:Creating package script '/home/fly/fly/install/delivery_drone/share/delivery_drone/package.sh'
[1.752s] INFO:colcon.colcon_core.shell:Creating package script '/home/fly/fly/install/delivery_drone/share/delivery_drone/package.bash'
[1.753s] INFO:colcon.colcon_core.shell:Creating package script '/home/fly/fly/install/delivery_drone/share/delivery_drone/package.zsh'
[1.754s] Level 1:colcon.colcon_core.environment:create_file_with_runtime_dependencies(/home/fly/fly/install/delivery_drone/share/colcon-core/packages/delivery_drone)
[1.754s] DEBUG:colcon.colcon_parallel_executor.executor.parallel:closing loop
[1.754s] DEBUG:colcon.colcon_parallel_executor.executor.parallel:loop closed
[1.754s] DEBUG:colcon.colcon_parallel_executor.executor.parallel:run_until_complete finished with '0'
[1.754s] DEBUG:colcon.colcon_core.event_reactor:joining thread
[1.774s] INFO:colcon.colcon_core.plugin_system:Skipping extension 'colcon_notification.desktop_notification.terminal_notifier': Not used on non-Darwin systems
[1.774s] INFO:colcon.colcon_core.plugin_system:Skipping extension 'colcon_notification.desktop_notification.win32': Not used on non-Windows systems
[1.774s] INFO:colcon.colcon_notification.desktop_notification:Sending desktop notification using 'notify2'
[1.791s] DEBUG:colcon.colcon_core.event_reactor:joined thread
[1.792s] INFO:colcon.colcon_core.shell:Creating prefix script '/home/fly/fly/install/local_setup.ps1'
[1.793s] INFO:colcon.colcon_core.shell:Creating prefix util module '/home/fly/fly/install/_local_setup_util_ps1.py'
[1.794s] INFO:colcon.colcon_core.shell:Creating prefix chain script '/home/fly/fly/install/setup.ps1'
[1.795s] INFO:colcon.colcon_core.shell:Creating prefix script '/home/fly/fly/install/local_setup.sh'
[1.796s] INFO:colcon.colcon_core.shell:Creating prefix util module '/home/fly/fly/install/_local_setup_util_sh.py'
[1.796s] INFO:colcon.colcon_core.shell:Creating prefix chain script '/home/fly/fly/install/setup.sh'
[1.797s] INFO:colcon.colcon_core.shell:Creating prefix script '/home/fly/fly/install/local_setup.bash'
[1.798s] INFO:colcon.colcon_core.shell:Creating prefix chain script '/home/fly/fly/install/setup.bash'
[1.799s] INFO:colcon.colcon_core.shell:Creating prefix script '/home/fly/fly/install/local_setup.zsh'
[1.799s] INFO:colcon.colcon_core.shell:Creating prefix chain script '/home/fly/fly/install/setup.zsh'
