-- Found ament_cmake: 2.5.4 (/opt/ros/jazzy/share/ament_cmake/cmake)
-- Found rclcpp: 28.1.9 (/opt/ros/jazzy/share/rclcpp/cmake)
-- Found rosidl_generator_c: 4.6.5 (/opt/ros/jazzy/share/rosidl_generator_c/cmake)
-- Found rosidl_generator_cpp: 4.6.5 (/opt/ros/jazzy/share/rosidl_generator_cpp/cmake)
-- Using all available rosidl_typesupport_c: rosidl_typesupport_fastrtps_c;rosidl_typesupport_introspection_c
-- Using all available rosidl_typesupport_cpp: rosidl_typesupport_fastrtps_cpp;rosidl_typesupport_introspection_cpp
-- Found rmw_implementation_cmake: 7.3.2 (/opt/ros/jazzy/share/rmw_implementation_cmake/cmake)
-- Found rmw_fastrtps_cpp: 8.4.2 (/opt/ros/jazzy/share/rmw_fastrtps_cpp/cmake)
-- Using RMW implementation 'rmw_fastrtps_cpp' as default
-- Found std_msgs: 5.3.6 (/opt/ros/jazzy/share/std_msgs/cmake)
-- Found geometry_msgs: 5.3.6 (/opt/ros/jazzy/share/geometry_msgs/cmake)
-- Found ament_lint_auto: 0.17.2 (/opt/ros/jazzy/share/ament_lint_auto/cmake)
-- Added test 'cppcheck' to perform static code analysis on C / C++ code
-- Configured cppcheck include dirs: 
-- Configured cppcheck exclude dirs and/or files: 
-- Added test 'flake8' to check Python code syntax and style conventions
-- Configured 'flake8' exclude dirs and/or files: 
-- Added test 'lint_cmake' to check CMake code style
-- Added test 'pep257' to check Python code against some of the docstring style conventions in PEP 257
-- Added test 'uncrustify' to check C / C++ code style
-- Configured uncrustify additional arguments: 
-- Added test 'xmllint' to check XML markup files
-- Configuring done (0.7s)
-- Generating done (0.0s)
-- Build files have been written to: /home/fly/fly/build/my_robot_package
[ 25%] [32mBuilding CXX object CMakeFiles/simple_subscriber.dir/src/simple_subscriber.cpp.o[0m
[ 50%] [32mBuilding CXX object CMakeFiles/simple_publisher.dir/src/simple_publisher.cpp.o[0m
[ 75%] [32m[1mLinking CXX executable simple_publisher[0m
[ 75%] Built target simple_publisher
[100%] [32m[1mLinking CXX executable simple_subscriber[0m
[100%] Built target simple_subscriber
-- Install configuration: ""
-- Installing: /home/fly/fly/install/my_robot_package/lib/my_robot_package/simple_publisher
-- Set non-toolchain portion of runtime path of "/home/fly/fly/install/my_robot_package/lib/my_robot_package/simple_publisher" to ""
-- Installing: /home/fly/fly/install/my_robot_package/lib/my_robot_package/simple_subscriber
-- Set non-toolchain portion of runtime path of "/home/fly/fly/install/my_robot_package/lib/my_robot_package/simple_subscriber" to ""
-- Installing: /home/fly/fly/install/my_robot_package/share/my_robot_package/launch
-- Installing: /home/fly/fly/install/my_robot_package/share/my_robot_package/launch/demo.launch.py
-- Up-to-date: /home/fly/fly/install/my_robot_package/share/ament_index/resource_index/package_run_dependencies/my_robot_package
-- Up-to-date: /home/fly/fly/install/my_robot_package/share/ament_index/resource_index/parent_prefix_path/my_robot_package
-- Up-to-date: /home/fly/fly/install/my_robot_package/share/my_robot_package/environment/ament_prefix_path.sh
-- Up-to-date: /home/fly/fly/install/my_robot_package/share/my_robot_package/environment/ament_prefix_path.dsv
-- Up-to-date: /home/fly/fly/install/my_robot_package/share/my_robot_package/environment/path.sh
-- Up-to-date: /home/fly/fly/install/my_robot_package/share/my_robot_package/environment/path.dsv
-- Up-to-date: /home/fly/fly/install/my_robot_package/share/my_robot_package/local_setup.bash
-- Up-to-date: /home/fly/fly/install/my_robot_package/share/my_robot_package/local_setup.sh
-- Up-to-date: /home/fly/fly/install/my_robot_package/share/my_robot_package/local_setup.zsh
-- Up-to-date: /home/fly/fly/install/my_robot_package/share/my_robot_package/local_setup.dsv
-- Up-to-date: /home/fly/fly/install/my_robot_package/share/my_robot_package/package.dsv
-- Up-to-date: /home/fly/fly/install/my_robot_package/share/ament_index/resource_index/packages/my_robot_package
-- Up-to-date: /home/fly/fly/install/my_robot_package/share/my_robot_package/cmake/my_robot_packageConfig.cmake
-- Up-to-date: /home/fly/fly/install/my_robot_package/share/my_robot_package/cmake/my_robot_packageConfig-version.cmake
-- Up-to-date: /home/fly/fly/install/my_robot_package/share/my_robot_package/package.xml
