[0.015s] Invoking command in '/home/fly/fly/build/my_robot_package': CMAKE_PREFIX_PATH=${CMAKE_PREFIX_PATH}:/opt/ros/jazzy DEBUGINFOD_URLS=https://debuginfod.ubuntu.com /usr/bin/cmake --build /home/fly/fly/build/my_robot_package -- -j8 -l8
[0.063s] -- Found ament_cmake: 2.5.4 (/opt/ros/jazzy/share/ament_cmake/cmake)
[0.345s] -- Found rclcpp: 28.1.9 (/opt/ros/jazzy/share/rclcpp/cmake)
[0.377s] -- Found rosidl_generator_c: 4.6.5 (/opt/ros/jazzy/share/rosidl_generator_c/cmake)
[0.383s] -- Found rosidl_generator_cpp: 4.6.5 (/opt/ros/jazzy/share/rosidl_generator_cpp/cmake)
[0.395s] -- Using all available rosidl_typesupport_c: rosidl_typesupport_fastrtps_c;rosidl_typesupport_introspection_c
[0.412s] -- Using all available rosidl_typesupport_cpp: rosidl_typesupport_fastrtps_cpp;rosidl_typesupport_introspection_cpp
[0.478s] -- Found rmw_implementation_cmake: 7.3.2 (/opt/ros/jazzy/share/rmw_implementation_cmake/cmake)
[0.479s] -- Found rmw_fastrtps_cpp: 8.4.2 (/opt/ros/jazzy/share/rmw_fastrtps_cpp/cmake)
[0.554s] -- Using RMW implementation 'rmw_fastrtps_cpp' as default
[0.619s] -- Found std_msgs: 5.3.6 (/opt/ros/jazzy/share/std_msgs/cmake)
[0.631s] -- Found geometry_msgs: 5.3.6 (/opt/ros/jazzy/share/geometry_msgs/cmake)
[0.650s] -- Found ament_lint_auto: 0.17.2 (/opt/ros/jazzy/share/ament_lint_auto/cmake)
[0.770s] -- Added test 'cppcheck' to perform static code analysis on C / C++ code
[0.770s] -- Configured cppcheck include dirs: 
[0.770s] -- Configured cppcheck exclude dirs and/or files: 
[0.770s] -- Added test 'flake8' to check Python code syntax and style conventions
[0.770s] -- Configured 'flake8' exclude dirs and/or files: 
[0.771s] -- Added test 'lint_cmake' to check CMake code style
[0.771s] -- Added test 'pep257' to check Python code against some of the docstring style conventions in PEP 257
[0.771s] -- Added test 'uncrustify' to check C / C++ code style
[0.772s] -- Configured uncrustify additional arguments: 
[0.772s] -- Added test 'xmllint' to check XML markup files
[0.773s] -- Configuring done (0.7s)
[0.793s] -- Generating done (0.0s)
[0.799s] -- Build files have been written to: /home/fly/fly/build/my_robot_package
[0.940s] [ 25%] [32mBuilding CXX object CMakeFiles/simple_subscriber.dir/src/simple_subscriber.cpp.o[0m
[0.945s] [ 50%] [32mBuilding CXX object CMakeFiles/simple_publisher.dir/src/simple_publisher.cpp.o[0m
[6.715s] [ 75%] [32m[1mLinking CXX executable simple_publisher[0m
[7.070s] [ 75%] Built target simple_publisher
[10.328s] [100%] [32m[1mLinking CXX executable simple_subscriber[0m
[10.668s] [100%] Built target simple_subscriber
[10.693s] Invoked command in '/home/fly/fly/build/my_robot_package' returned '0': CMAKE_PREFIX_PATH=${CMAKE_PREFIX_PATH}:/opt/ros/jazzy DEBUGINFOD_URLS=https://debuginfod.ubuntu.com /usr/bin/cmake --build /home/fly/fly/build/my_robot_package -- -j8 -l8
[10.719s] Invoking command in '/home/fly/fly/build/my_robot_package': CMAKE_PREFIX_PATH=${CMAKE_PREFIX_PATH}:/opt/ros/jazzy DEBUGINFOD_URLS=https://debuginfod.ubuntu.com /usr/bin/cmake --install /home/fly/fly/build/my_robot_package
[10.737s] -- Install configuration: ""
[10.737s] -- Installing: /home/fly/fly/install/my_robot_package/lib/my_robot_package/simple_publisher
[10.737s] -- Set non-toolchain portion of runtime path of "/home/fly/fly/install/my_robot_package/lib/my_robot_package/simple_publisher" to ""
[10.737s] -- Installing: /home/fly/fly/install/my_robot_package/lib/my_robot_package/simple_subscriber
[10.740s] -- Set non-toolchain portion of runtime path of "/home/fly/fly/install/my_robot_package/lib/my_robot_package/simple_subscriber" to ""
[10.740s] -- Installing: /home/fly/fly/install/my_robot_package/share/my_robot_package/launch
[10.741s] -- Installing: /home/fly/fly/install/my_robot_package/share/my_robot_package/launch/demo.launch.py
[10.741s] -- Up-to-date: /home/fly/fly/install/my_robot_package/share/ament_index/resource_index/package_run_dependencies/my_robot_package
[10.741s] -- Up-to-date: /home/fly/fly/install/my_robot_package/share/ament_index/resource_index/parent_prefix_path/my_robot_package
[10.741s] -- Up-to-date: /home/fly/fly/install/my_robot_package/share/my_robot_package/environment/ament_prefix_path.sh
[10.741s] -- Up-to-date: /home/fly/fly/install/my_robot_package/share/my_robot_package/environment/ament_prefix_path.dsv
[10.741s] -- Up-to-date: /home/fly/fly/install/my_robot_package/share/my_robot_package/environment/path.sh
[10.741s] -- Up-to-date: /home/fly/fly/install/my_robot_package/share/my_robot_package/environment/path.dsv
[10.741s] -- Up-to-date: /home/fly/fly/install/my_robot_package/share/my_robot_package/local_setup.bash
[10.742s] -- Up-to-date: /home/fly/fly/install/my_robot_package/share/my_robot_package/local_setup.sh
[10.742s] -- Up-to-date: /home/fly/fly/install/my_robot_package/share/my_robot_package/local_setup.zsh
[10.742s] -- Up-to-date: /home/fly/fly/install/my_robot_package/share/my_robot_package/local_setup.dsv
[10.743s] -- Up-to-date: /home/fly/fly/install/my_robot_package/share/my_robot_package/package.dsv
[10.743s] -- Up-to-date: /home/fly/fly/install/my_robot_package/share/ament_index/resource_index/packages/my_robot_package
[10.743s] -- Up-to-date: /home/fly/fly/install/my_robot_package/share/my_robot_package/cmake/my_robot_packageConfig.cmake
[10.743s] -- Up-to-date: /home/fly/fly/install/my_robot_package/share/my_robot_package/cmake/my_robot_packageConfig-version.cmake
[10.743s] -- Up-to-date: /home/fly/fly/install/my_robot_package/share/my_robot_package/package.xml
[10.749s] Invoked command in '/home/fly/fly/build/my_robot_package' returned '0': CMAKE_PREFIX_PATH=${CMAKE_PREFIX_PATH}:/opt/ros/jazzy DEBUGINFOD_URLS=https://debuginfod.ubuntu.com /usr/bin/cmake --install /home/fly/fly/build/my_robot_package
