[0.026s] Invoking command in '/home/fly/fly/build/my_robot_package': CMAKE_PREFIX_PATH=${CMAKE_PREFIX_PATH}:/opt/ros/jazzy DEBUGINFOD_URLS=https://debuginfod.ubuntu.com /usr/bin/cmake /home/fly/fly/src/my_robot_package -DCMAKE_INSTALL_PREFIX=/home/fly/fly/install/my_robot_package
[0.116s] -- The C compiler identification is GNU 13.3.0
[0.226s] -- The CXX compiler identification is GNU 13.3.0
[0.263s] -- Detecting C compiler ABI info
[0.450s] -- Detecting C compiler ABI info - done
[0.454s] -- Check for working C compiler: /usr/bin/cc - skipped
[0.455s] -- Detecting C compile features
[0.455s] -- Detecting C compile features - done
[0.479s] -- Detecting CXX compiler ABI info
[0.682s] -- Detecting CXX compiler ABI info - done
[0.687s] -- Check for working CXX compiler: /usr/bin/c++ - skipped
[0.687s] -- Detecting CXX compile features
[0.687s] -- Detecting CXX compile features - done
[0.689s] -- Found ament_cmake: 2.5.4 (/opt/ros/jazzy/share/ament_cmake/cmake)
[0.893s] -- Found Python3: /usr/bin/python3 (found version "3.12.3") found components: Interpreter 
[1.034s] -- Found rclcpp: 28.1.9 (/opt/ros/jazzy/share/rclcpp/cmake)
[1.067s] -- Found rosidl_generator_c: 4.6.5 (/opt/ros/jazzy/share/rosidl_generator_c/cmake)
[1.079s] -- Found rosidl_generator_cpp: 4.6.5 (/opt/ros/jazzy/share/rosidl_generator_cpp/cmake)
[1.095s] -- Using all available rosidl_typesupport_c: rosidl_typesupport_fastrtps_c;rosidl_typesupport_introspection_c
[1.107s] -- Using all available rosidl_typesupport_cpp: rosidl_typesupport_fastrtps_cpp;rosidl_typesupport_introspection_cpp
[1.178s] -- Found rmw_implementation_cmake: 7.3.2 (/opt/ros/jazzy/share/rmw_implementation_cmake/cmake)
[1.180s] -- Found rmw_fastrtps_cpp: 8.4.2 (/opt/ros/jazzy/share/rmw_fastrtps_cpp/cmake)
[1.358s] -- Found OpenSSL: /usr/lib/x86_64-linux-gnu/libcrypto.so (found version "3.0.13")  
[1.384s] -- Found FastRTPS: /opt/ros/jazzy/include (Required is at least version "2.13") 
[1.425s] -- Using RMW implementation 'rmw_fastrtps_cpp' as default
[1.491s] -- Found std_msgs: 5.3.6 (/opt/ros/jazzy/share/std_msgs/cmake)
[1.506s] -- Found geometry_msgs: 5.3.6 (/opt/ros/jazzy/share/geometry_msgs/cmake)
[1.535s] -- Found ament_lint_auto: 0.17.2 (/opt/ros/jazzy/share/ament_lint_auto/cmake)
[1.651s] -- Added test 'lint_cmake' to check CMake code style
[1.652s] -- Added test 'xmllint' to check XML markup files
[1.655s] -- Configuring done (1.6s)
[1.660s] -- Generating done (0.0s)
[1.662s] -- Build files have been written to: /home/fly/fly/build/my_robot_package
[1.681s] Invoked command in '/home/fly/fly/build/my_robot_package' returned '0': CMAKE_PREFIX_PATH=${CMAKE_PREFIX_PATH}:/opt/ros/jazzy DEBUGINFOD_URLS=https://debuginfod.ubuntu.com /usr/bin/cmake /home/fly/fly/src/my_robot_package -DCMAKE_INSTALL_PREFIX=/home/fly/fly/install/my_robot_package
[1.682s] Invoking command in '/home/fly/fly/build/my_robot_package': CMAKE_PREFIX_PATH=${CMAKE_PREFIX_PATH}:/opt/ros/jazzy DEBUGINFOD_URLS=https://debuginfod.ubuntu.com /usr/bin/cmake --build /home/fly/fly/build/my_robot_package -- -j8 -l8
[1.755s] Invoked command in '/home/fly/fly/build/my_robot_package' returned '0': CMAKE_PREFIX_PATH=${CMAKE_PREFIX_PATH}:/opt/ros/jazzy DEBUGINFOD_URLS=https://debuginfod.ubuntu.com /usr/bin/cmake --build /home/fly/fly/build/my_robot_package -- -j8 -l8
[1.781s] Invoking command in '/home/fly/fly/build/my_robot_package': CMAKE_PREFIX_PATH=${CMAKE_PREFIX_PATH}:/opt/ros/jazzy DEBUGINFOD_URLS=https://debuginfod.ubuntu.com /usr/bin/cmake --install /home/fly/fly/build/my_robot_package
[1.804s] -- Install configuration: ""
[1.804s] -- Installing: /home/fly/fly/install/my_robot_package/share/ament_index/resource_index/package_run_dependencies/my_robot_package
[1.804s] -- Installing: /home/fly/fly/install/my_robot_package/share/ament_index/resource_index/parent_prefix_path/my_robot_package
[1.804s] -- Installing: /home/fly/fly/install/my_robot_package/share/my_robot_package/environment/ament_prefix_path.sh
[1.805s] -- Installing: /home/fly/fly/install/my_robot_package/share/my_robot_package/environment/ament_prefix_path.dsv
[1.805s] -- Installing: /home/fly/fly/install/my_robot_package/share/my_robot_package/environment/path.sh
[1.805s] -- Installing: /home/fly/fly/install/my_robot_package/share/my_robot_package/environment/path.dsv
[1.805s] -- Installing: /home/fly/fly/install/my_robot_package/share/my_robot_package/local_setup.bash
[1.805s] -- Installing: /home/fly/fly/install/my_robot_package/share/my_robot_package/local_setup.sh
[1.805s] -- Installing: /home/fly/fly/install/my_robot_package/share/my_robot_package/local_setup.zsh
[1.805s] -- Installing: /home/fly/fly/install/my_robot_package/share/my_robot_package/local_setup.dsv
[1.805s] -- Installing: /home/fly/fly/install/my_robot_package/share/my_robot_package/package.dsv
[1.806s] -- Installing: /home/fly/fly/install/my_robot_package/share/ament_index/resource_index/packages/my_robot_package
[1.806s] -- Installing: /home/fly/fly/install/my_robot_package/share/my_robot_package/cmake/my_robot_packageConfig.cmake
[1.806s] -- Installing: /home/fly/fly/install/my_robot_package/share/my_robot_package/cmake/my_robot_packageConfig-version.cmake
[1.806s] -- Installing: /home/fly/fly/install/my_robot_package/share/my_robot_package/package.xml
[1.808s] Invoked command in '/home/fly/fly/build/my_robot_package' returned '0': CMAKE_PREFIX_PATH=${CMAKE_PREFIX_PATH}:/opt/ros/jazzy DEBUGINFOD_URLS=https://debuginfod.ubuntu.com /usr/bin/cmake --install /home/fly/fly/build/my_robot_package
