[ 50%] Built target simple_subscriber
[100%] Built target simple_publisher
-- Install configuration: ""
-- Up-to-date: /home/fly/fly/install/my_robot_package/lib/my_robot_package/simple_publisher
-- Up-to-date: /home/fly/fly/install/my_robot_package/lib/my_robot_package/simple_subscriber
-- Up-to-date: /home/fly/fly/install/my_robot_package/share/my_robot_package/launch
-- Up-to-date: /home/fly/fly/install/my_robot_package/share/my_robot_package/launch/demo.launch.py
-- Up-to-date: /home/fly/fly/install/my_robot_package/share/ament_index/resource_index/package_run_dependencies/my_robot_package
-- Up-to-date: /home/fly/fly/install/my_robot_package/share/ament_index/resource_index/parent_prefix_path/my_robot_package
-- Up-to-date: /home/fly/fly/install/my_robot_package/share/my_robot_package/environment/ament_prefix_path.sh
-- Up-to-date: /home/fly/fly/install/my_robot_package/share/my_robot_package/environment/ament_prefix_path.dsv
-- Up-to-date: /home/fly/fly/install/my_robot_package/share/my_robot_package/environment/path.sh
-- Up-to-date: /home/fly/fly/install/my_robot_package/share/my_robot_package/environment/path.dsv
-- Up-to-date: /home/fly/fly/install/my_robot_package/share/my_robot_package/local_setup.bash
-- Up-to-date: /home/fly/fly/install/my_robot_package/share/my_robot_package/local_setup.sh
-- Up-to-date: /home/fly/fly/install/my_robot_package/share/my_robot_package/local_setup.zsh
-- Up-to-date: /home/fly/fly/install/my_robot_package/share/my_robot_package/local_setup.dsv
-- Installing: /home/fly/fly/install/my_robot_package/share/my_robot_package/package.dsv
-- Up-to-date: /home/fly/fly/install/my_robot_package/share/ament_index/resource_index/packages/my_robot_package
-- Up-to-date: /home/fly/fly/install/my_robot_package/share/my_robot_package/cmake/my_robot_packageConfig.cmake
-- Up-to-date: /home/fly/fly/install/my_robot_package/share/my_robot_package/cmake/my_robot_packageConfig-version.cmake
-- Up-to-date: /home/fly/fly/install/my_robot_package/share/my_robot_package/package.xml
