[0.253s] Invoking command in '/home/fly/fly/build/my_robot_package': CMAKE_PREFIX_PATH=${CMAKE_PREFIX_PATH}:/opt/ros/jazzy DEBUGINFOD_URLS=https://debuginfod.ubuntu.com VIRTUAL_ENV_PROMPT=(.venv) /usr/bin/cmake --build /home/fly/fly/build/my_robot_package -- -j8 -l8
[0.531s] [ 50%] Built target simple_subscriber
[0.532s] [100%] Built target simple_publisher
[0.562s] Invoked command in '/home/fly/fly/build/my_robot_package' returned '0': CMAKE_PREFIX_PATH=${CMAKE_PREFIX_PATH}:/opt/ros/jazzy DEBUGINFOD_URLS=https://debuginfod.ubuntu.com VIRTUAL_ENV_PROMPT=(.venv) /usr/bin/cmake --build /home/fly/fly/build/my_robot_package -- -j8 -l8
[0.592s] Invoking command in '/home/fly/fly/build/my_robot_package': CMAKE_PREFIX_PATH=${CMAKE_PREFIX_PATH}:/opt/ros/jazzy DEBUGINFOD_URLS=https://debuginfod.ubuntu.com VIRTUAL_ENV_PROMPT=(.venv) /usr/bin/cmake --install /home/fly/fly/build/my_robot_package
[0.625s] -- Install configuration: ""
[0.625s] -- Up-to-date: /home/fly/fly/install/my_robot_package/lib/my_robot_package/simple_publisher
[0.629s] -- Up-to-date: /home/fly/fly/install/my_robot_package/lib/my_robot_package/simple_subscriber
[0.629s] -- Up-to-date: /home/fly/fly/install/my_robot_package/share/my_robot_package/launch
[0.629s] -- Up-to-date: /home/fly/fly/install/my_robot_package/share/my_robot_package/launch/demo.launch.py
[0.630s] -- Up-to-date: /home/fly/fly/install/my_robot_package/share/ament_index/resource_index/package_run_dependencies/my_robot_package
[0.630s] -- Up-to-date: /home/fly/fly/install/my_robot_package/share/ament_index/resource_index/parent_prefix_path/my_robot_package
[0.630s] -- Up-to-date: /home/fly/fly/install/my_robot_package/share/my_robot_package/environment/ament_prefix_path.sh
[0.630s] -- Up-to-date: /home/fly/fly/install/my_robot_package/share/my_robot_package/environment/ament_prefix_path.dsv
[0.630s] -- Up-to-date: /home/fly/fly/install/my_robot_package/share/my_robot_package/environment/path.sh
[0.630s] -- Up-to-date: /home/fly/fly/install/my_robot_package/share/my_robot_package/environment/path.dsv
[0.630s] -- Up-to-date: /home/fly/fly/install/my_robot_package/share/my_robot_package/local_setup.bash
[0.630s] -- Up-to-date: /home/fly/fly/install/my_robot_package/share/my_robot_package/local_setup.sh
[0.630s] -- Up-to-date: /home/fly/fly/install/my_robot_package/share/my_robot_package/local_setup.zsh
[0.630s] -- Up-to-date: /home/fly/fly/install/my_robot_package/share/my_robot_package/local_setup.dsv
[0.630s] -- Installing: /home/fly/fly/install/my_robot_package/share/my_robot_package/package.dsv
[0.630s] -- Up-to-date: /home/fly/fly/install/my_robot_package/share/ament_index/resource_index/packages/my_robot_package
[0.630s] -- Up-to-date: /home/fly/fly/install/my_robot_package/share/my_robot_package/cmake/my_robot_packageConfig.cmake
[0.631s] -- Up-to-date: /home/fly/fly/install/my_robot_package/share/my_robot_package/cmake/my_robot_packageConfig-version.cmake
[0.631s] -- Up-to-date: /home/fly/fly/install/my_robot_package/share/my_robot_package/package.xml
[0.633s] Invoked command in '/home/fly/fly/build/my_robot_package' returned '0': CMAKE_PREFIX_PATH=${CMAKE_PREFIX_PATH}:/opt/ros/jazzy DEBUGINFOD_URLS=https://debuginfod.ubuntu.com VIRTUAL_ENV_PROMPT=(.venv) /usr/bin/cmake --install /home/fly/fly/build/my_robot_package
